-------------------------------------------------------------------------------
Test set: com.mycompany.todolist.test.AdminTareasTestBD
-------------------------------------------------------------------------------
Tests run: 4, Failures: 4, Errors: 0, Skipped: 0, Time elapsed: 1.712 s <<< FAILURE! - in com.mycompany.todolist.test.AdminTareasTestBD
com.mycompany.todolist.test.AdminTareasTestBD.testEditarTarea  Time elapsed: 1.644 s  <<< FAILURE!
Wanted but not invoked:
mongoCollection.updateOne(
    <any org.bson.Document>,
    <any org.bson.Document>
);
-> at com.mycompany.todolist.test.AdminTareasTestBD.testEditarTarea(AdminTareasTestBD.java:75)
Actually, there were zero interactions with this mock.

	at com.mycompany.todolist.test.AdminTareasTestBD.testEditarTarea(AdminTareasTestBD.java:75)
	at java.base/java.lang.reflect.Method.invoke(Method.java:580)
	at java.base/java.util.ArrayList.forEach(ArrayList.java:1597)
	at java.base/java.util.ArrayList.forEach(ArrayList.java:1597)

com.mycompany.todolist.test.AdminTareasTestBD.testCambiarEstadoTarea  Time elapsed: 0.015 s  <<< FAILURE!
Wanted but not invoked:
mongoCollection.updateOne(
    <any org.bson.Document>,
    <any org.bson.Document>
);
-> at com.mycompany.todolist.test.AdminTareasTestBD.testCambiarEstadoTarea(AdminTareasTestBD.java:86)
Actually, there were zero interactions with this mock.

	at com.mycompany.todolist.test.AdminTareasTestBD.testCambiarEstadoTarea(AdminTareasTestBD.java:86)
	at java.base/java.lang.reflect.Method.invoke(Method.java:580)
	at java.base/java.util.ArrayList.forEach(ArrayList.java:1597)
	at java.base/java.util.ArrayList.forEach(ArrayList.java:1597)

com.mycompany.todolist.test.AdminTareasTestBD.testAgregarTarea  Time elapsed: 0.009 s  <<< FAILURE!
Wanted but not invoked:
mongoCollection.insertOne(
    <any org.bson.Document>
);
-> at com.mycompany.todolist.test.AdminTareasTestBD.testAgregarTarea(AdminTareasTestBD.java:53)
Actually, there were zero interactions with this mock.

	at com.mycompany.todolist.test.AdminTareasTestBD.testAgregarTarea(AdminTareasTestBD.java:53)
	at java.base/java.lang.reflect.Method.invoke(Method.java:580)
	at java.base/java.util.ArrayList.forEach(ArrayList.java:1597)
	at java.base/java.util.ArrayList.forEach(ArrayList.java:1597)

com.mycompany.todolist.test.AdminTareasTestBD.testEliminarTarea  Time elapsed: 0.012 s  <<< FAILURE!
Wanted but not invoked:
mongoCollection.deleteOne(
    <any org.bson.Document>
);
-> at com.mycompany.todolist.test.AdminTareasTestBD.testEliminarTarea(AdminTareasTestBD.java:64)
Actually, there were zero interactions with this mock.

	at com.mycompany.todolist.test.AdminTareasTestBD.testEliminarTarea(AdminTareasTestBD.java:64)
	at java.base/java.lang.reflect.Method.invoke(Method.java:580)
	at java.base/java.util.ArrayList.forEach(ArrayList.java:1597)
	at java.base/java.util.ArrayList.forEach(ArrayList.java:1597)

