<?xml version="1.0" encoding="UTF-8"?>
<testsuite xmlns:xsi="http://www.w3.org/2001/XMLSchema-instance" xsi:noNamespaceSchemaLocation="https://maven.apache.org/surefire/maven-surefire-plugin/xsd/surefire-test-report-3.0.xsd" version="3.0" name="com.mycompany.todolist.test.AdminTareasTest" time="0.054" tests="15" errors="0" skipped="0" failures="1">
  <properties>
[...]
</properties>
  <testcase name="testIntegracionAgregarEliminarVerificar" classname="com.mycompany.todolist.test.AdminTareasTest" time="0.006"/>
  <testcase name="testEditarTarea" classname="com.mycompany.todolist.test.AdminTareasTest" time="0"/>
  <testcase name="testEliminarTareaInexistente" classname="com.mycompany.todolist.test.AdminTareasTest" time="0"/>
  <testcase name="testTareasCompletadasConTodasPendientes" classname="com.mycompany.todolist.test.AdminTareasTest" time="0"/>
  <testcase name="testAgregarVariasTareas" classname="com.mycompany.todolist.test.AdminTareasTest" time="0"/>
  <testcase name="testMarcarTareaInexistenteComoCompletada" classname="com.mycompany.todolist.test.AdminTareasTest" time="0"/>
  <testcase name="testAgregarTareasSinDescripcion" classname="com.mycompany.todolist.test.AdminTareasTest" time="0.004">
    <failure message="Expected exception: java.lang.IllegalArgumentException" type="java.lang.AssertionError"><![CDATA[java.lang.AssertionError: Expected exception: java.lang.IllegalArgumentException
	at org.junit.internal.runners.statements.ExpectException.evaluate(ExpectException.java:34)
	at org.junit.internal.runners.statements.RunBefores.evaluate(RunBefores.java:26)
	at org.junit.internal.runners.statements.RunAfters.evaluate(RunAfters.java:27)
	at org.junit.runners.ParentRunner$3.evaluate(ParentRunner.java:306)
	at org.junit.runners.BlockJUnit4ClassRunner$1.evaluate(BlockJUnit4ClassRunner.java:100)
	at org.junit.runners.ParentRunner.runLeaf(ParentRunner.java:366)
	at org.junit.runners.BlockJUnit4ClassRunner.runChild(BlockJUnit4ClassRunner.java:103)
	at org.junit.runners.BlockJUnit4ClassRunner.runChild(BlockJUnit4ClassRunner.java:63)
	at org.junit.runners.ParentRunner$4.run(ParentRunner.java:331)
	at org.junit.runners.ParentRunner$1.schedule(ParentRunner.java:79)
	at org.junit.runners.ParentRunner.runChildren(ParentRunner.java:329)
	at org.junit.runners.ParentRunner.access$100(ParentRunner.java:66)
	at org.junit.runners.ParentRunner$2.evaluate(ParentRunner.java:293)
	at org.junit.internal.runners.statements.RunBefores.evaluate(RunBefores.java:26)
	at org.junit.internal.runners.statements.RunAfters.evaluate(RunAfters.java:27)
	at org.junit.runners.ParentRunner$3.evaluate(ParentRunner.java:306)
	at org.junit.runners.ParentRunner.run(ParentRunner.java:413)
	at org.apache.maven.surefire.junit4.JUnit4Provider.execute(JUnit4Provider.java:316)
	at org.apache.maven.surefire.junit4.JUnit4Provider.executeWithRerun(JUnit4Provider.java:240)
	at org.apache.maven.surefire.junit4.JUnit4Provider.executeTestSet(JUnit4Provider.java:214)
	at org.apache.maven.surefire.junit4.JUnit4Provider.invoke(JUnit4Provider.java:155)
	at org.apache.maven.surefire.booter.ForkedBooter.runSuitesInProcess(ForkedBooter.java:385)
	at org.apache.maven.surefire.booter.ForkedBooter.execute(ForkedBooter.java:162)
	at org.apache.maven.surefire.booter.ForkedBooter.run(ForkedBooter.java:507)
	at org.apache.maven.surefire.booter.ForkedBooter.main(ForkedBooter.java:495)
]]></failure>
  </testcase>
  <testcase name="testAgregarTarea" classname="com.mycompany.todolist.test.AdminTareasTest" time="0"/>
  <testcase name="testObtenerTareasPendientes" classname="com.mycompany.todolist.test.AdminTareasTest" time="0.001"/>
  <testcase name="testMarcarComoCompletada" classname="com.mycompany.todolist.test.AdminTareasTest" time="0.001"/>
  <testcase name="testObtenerTareasCompletadas" classname="com.mycompany.todolist.test.AdminTareasTest" time="0"/>
  <testcase name="testEliminarTarea" classname="com.mycompany.todolist.test.AdminTareasTest" time="0"/>
  <testcase name="testIntegracionAgregarEditarCompletar" classname="com.mycompany.todolist.test.AdminTareasTest" time="0.001"/>
  <testcase name="testTareasPendienteConTodasCompletadas" classname="com.mycompany.todolist.test.AdminTareasTest" time="0"/>
  <testcase name="testEditarTareaInexistente" classname="com.mycompany.todolist.test.AdminTareasTest" time="0"/>
</testsuite>